INFO:sim:172 - Generating IP...
WARNING:sim:100 - The Simulation File Type <Behavioral> is not valid for this
   core. Overriding with File Type <structural>.
Applying current project options...
Finished applying current project options.
Customizing IP...
Release 14.4 - Xilinx CORE Generator IP GUI Launcher P.49d (nt64)
Copyright (c) 1995-2012 Xilinx, Inc.  All rights reserved.
Finished Customizing.
Generating IP...
WARNING:sim:100 - The Simulation File Type <Behavioral> is not valid for this
   core. Overriding with File Type <structural>.
WARNING:sim:89 - A core named <chipscope_ila> already exists in the output
   directory. Output products for this core may be overwritten.
Configuring files for chipscope_ila root...
Gathering HDL files for chipscope_ila root...
Creating XST project for chipscope_ila...
Creating XST script file for chipscope_ila...
Creating XST instantiation file for chipscope_ila...
Running XST for chipscope_ila...
XST: HDL Compilation
XST: Design Hierarchy Analysis
XST: HDL Analysis
XST: HDL Synthesis
XST: Advanced HDL Synthesis
XST: Low Level Synthesis
Generating VHDL wrapper
Not generating Verilog wrapper
Creating ISE instantiation template for chipscope_ila...
Skipping Verilog instantiation template for chipscope_ila...
Finished Generation.
Generating IP instantiation template...
Generating ASY schematic symbol...
INFO:sim:949 - Finished generation of ASY schematic symbol.
Generating SYM schematic symbol for 'chipscope_ila'...
Generating metadata file...
Generating ISE project...
XCO file found: chipscope_ila.xco
XMDF file found: chipscope_ila_xmdf.tcl
Adding
F:/PROJECTS/EASYPHI/FPGA_Low_Cost_Universal_Input/source/IPCORES/tmp/_cg/chipsco
pe_ila.asy -view all -origin_type imported
Adding
F:/PROJECTS/EASYPHI/FPGA_Low_Cost_Universal_Input/source/IPCORES/tmp/_cg/chipsco
pe_ila.ngc -view all -origin_type created
Checking file
"F:/PROJECTS/EASYPHI/FPGA_Low_Cost_Universal_Input/source/IPCORES/tmp/_cg/chipsc
ope_ila.ngc" for project device match ...
File
"F:/PROJECTS/EASYPHI/FPGA_Low_Cost_Universal_Input/source/IPCORES/tmp/_cg/chipsc
ope_ila.ngc" device information matches project device.
Adding
F:/PROJECTS/EASYPHI/FPGA_Low_Cost_Universal_Input/source/IPCORES/tmp/_cg/chipsco
pe_ila.vhd -view all -origin_type created
INFO:HDLCompiler:1061 - Parsing VHDL file
   "F:/PROJECTS/EASYPHI/FPGA_Low_Cost_Universal_Input/source/IPCORES/tmp/_cg/chi
   pscope_ila.vhd" into library work
INFO:ProjectMgmt - Parsing design hierarchy completed successfully.
Adding
F:/PROJECTS/EASYPHI/FPGA_Low_Cost_Universal_Input/source/IPCORES/tmp/_cg/chipsco
pe_ila.vho -view all -origin_type imported
INFO:TclTasksC:2116 - The automatic calculation of top has been turned-off.
   Please set the new top explicitly by running the "project set top" command.
   To re-calculate the new top automatically, set the "Auto Implementation Top"
   property to true.
Top level has been set to "/chipscope_ila"
Generating README file...
Generating FLIST file...
INFO:sim:948 - Finished FLIST file generation.
Launching README viewer...
Moving files to output directory...
Finished moving files to output directory
Wrote CGP file for project 'chipscope_ila'.
